TN:
SF:02-ratelimitter.js
FNF:0
FNH:0
DA:1,1
DA:2,1
DA:3,1
DA:4,1
DA:5,1
DA:6,1
DA:7,1
DA:8,1
DA:9,1
DA:10,1
DA:11,1
DA:12,1
DA:13,1
DA:14,1
DA:15,1
DA:16,13
DA:17,13
DA:18,2
DA:19,2
DA:20,11
DA:21,11
DA:22,11
DA:23,13
DA:24,7
DA:25,7
DA:26,6
DA:27,6
DA:28,6
DA:29,13
DA:30,1
DA:31,2
DA:32,1
DA:33,1
DA:34,1
DA:35,6
DA:36,1
DA:37,1
DA:38,1
DA:39,0
DA:40,1
DA:41,1
DA:42,1
LF:42
LH:41
BRDA:15,0,0,13
BRDA:17,1,0,2
BRDA:20,2,0,11
BRDA:23,3,0,7
BRDA:26,4,0,6
BRDA:30,5,0,2
BRDA:34,6,0,6
BRF:7
BRH:7
end_of_record
